<?xml version="1.0" encoding="UTF-8"?>
<!-- Generated by org.testng.reporters.JUnitReportReporter -->
<testsuite hostname="DESKTOP-7GKHQCV" failures="0" tests="8" name="TestRequestResponse" time="4.723" errors="0" timestamp="13 May 2019 17:07:16 GMT" skipped="0">
  <testcase classname="TestRequestResponse" name="create_User" time="2.327"/>
  <testcase classname="TestRequestResponse" name="getUserList" time="0.154"/>
  <testcase classname="TestRequestResponse" name="unsuccess_register" time="0.481"/>
  <testcase classname="TestRequestResponse" name="success_register" time="0.456"/>
  <testcase classname="TestRequestResponse" name="loginFailure" time="0.445"/>
  <testcase classname="TestRequestResponse" name="getUser" time="0.140"/>
  <testcase classname="TestRequestResponse" name="login" time="0.426"/>
  <testcase classname="TestRequestResponse" name="delete" time="0.294"/>
</testsuite> <!-- TestRequestResponse -->
